Logfile initialized
[INFO] logfile = C:\Users\Greg\projects\TechSupport\build.log
[DEBUG] C:\ProgramData\Titanium\mobilesdk\win32\1.7.0\android\builder.py simulator Tech Support C:\Program Files\Android\android-sdk C:\Users\Greg\projects\TechSupport com.crossloop.techsupport 6 HVGA
[INFO] Building Tech Support for Android ... one moment
[INFO] Titanium SDK version: 1.7.0 (06/06/11 18:05 64155ee)
[DEBUG] Waiting for device to be ready ...
[TRACE] adb devices returned 1 devices/emulators
[DEBUG] Device connected... (waited 0 seconds)
[DEBUG] waited 0.020000 seconds on emulator to get ready
[DEBUG] com.crossloop.techsupport installed? True
[INFO] Fastdev server running, deploying in Fastdev mode
[INFO] Copying project resources..
[TRACE] COPYING MODIFIED FILE: C:\Users\Greg\projects\TechSupport\Resources\ui.js => C:\Users\Greg\projects\TechSupport\build\android\bin\assets\Resources\ui.js
[INFO] Tiapp.xml unchanged, skipping class generation
[DEBUG] Processing Android resource drawables
[DEBUG] adding C:\Users\Greg\projects\TechSupport\build\android\gen\com\crossloop\techsupport\ApplicationStylesheet.java to javac build list
[DEBUG] adding C:\Users\Greg\projects\TechSupport\build\android\gen\com\crossloop\techsupport\R.java to javac build list
[DEBUG] adding C:\Users\Greg\projects\TechSupport\build\android\gen\com\crossloop\techsupport\TechsupportActivity.java to javac build list
[DEBUG] adding C:\Users\Greg\projects\TechSupport\build\android\gen\com\crossloop\techsupport\TechsupportAppInfo.java to javac build list
[DEBUG] adding C:\Users\Greg\projects\TechSupport\build\android\gen\com\crossloop\techsupport\TechsupportApplication.java to javac build list
[DEBUG] Building Java Sources: "C:\\Users\\Greg\\projects\\TechSupport\\build\\android\\gen\\com\\crossloop\\techsupport\\ApplicationStylesheet.java" "C:\\Users\\Greg\\projects\\TechSupport\\build\\android\\gen\\com\\crossloop\\techsupport\\R.java" "C:\\Users\\Greg\\projects\\TechSupport\\build\\android\\gen\\com\\crossloop\\techsupport\\TechsupportActivity.java" "C:\\Users\\Greg\\projects\\TechSupport\\build\\android\\gen\\com\\crossloop\\techsupport\\TechsupportAppInfo.java" "C:\\Users\\Greg\\projects\\TechSupport\\build\\android\\gen\\com\\crossloop\\techsupport\\TechsupportApplication.java"
[INFO] Waiting for SDCard to become available..
[INFO] Compiling Android Resources... This could take some time
[DEBUG] Android classes.dex built
[DEBUG] creating unsigned apk: C:\Users\Greg\projects\TechSupport\build\android\bin\app-unsigned.apk
[DEBUG] from resource zip => assets/Resources/KS_nav_ui.png
[DEBUG] from resource zip => assets/Resources/KS_nav_views.png
[DEBUG] from resource zip => assets/Resources/app.js
[DEBUG] from resource zip => assets/Resources/app.jss
[DEBUG] from resource zip => assets/Resources/appicon.png
[DEBUG] from resource zip => assets/Resources/default.png
[DEBUG] from resource zip => assets/Resources/ui.js
[DEBUG] from resource zip => assets/tiapp.xml
[DEBUG] from resource zip => res/drawable/appicon.png
[DEBUG] from resource zip => res/drawable/background.png
[DEBUG] from resource zip => res/drawable/facebook_icon.png
[DEBUG] from resource zip => res/drawable/facebook_login.png
[DEBUG] from resource zip => res/drawable/facebook_login_down.png
[DEBUG] from resource zip => res/drawable/facebook_login_wide.png
[DEBUG] from resource zip => res/drawable/facebook_login_wide_down.png
[DEBUG] from resource zip => res/drawable/facebook_logout.png
[DEBUG] from resource zip => res/drawable/facebook_logout_down.png
[DEBUG] from resource zip => res/layout/titanium_tabgroup.xml
[DEBUG] from resource zip => AndroidManifest.xml
[DEBUG] from resource zip => resources.arsc
[DEBUG] from resource zip => res/drawable-hdpi/facebook_icon.png
[DEBUG] from resource zip => res/drawable-ldpi/facebook_icon.png
[DEBUG] from resource zip => res/drawable-long-land-hdpi/default_d44e27d97b.png
[DEBUG] from resource zip => res/drawable-long-land-ldpi/default_d44e27d97b.png
[DEBUG] from resource zip => res/drawable-long-port-hdpi/default_d44e27d97b.png
[DEBUG] from resource zip => res/drawable-long-port-ldpi/default_d44e27d97b.png
[DEBUG] from resource zip => res/drawable-notlong-land-hdpi/default_d44e27d97b.png
[DEBUG] from resource zip => res/drawable-notlong-land-ldpi/default_d44e27d97b.png
[DEBUG] from resource zip => res/drawable-notlong-land-mdpi/default_d44e27d97b.png
[DEBUG] from resource zip => res/drawable-notlong-port-hdpi/default_d44e27d97b.png
[DEBUG] from resource zip => res/drawable-notlong-port-ldpi/default_d44e27d97b.png
[DEBUG] from resource zip => res/drawable-notlong-port-mdpi/default_d44e27d97b.png
[DEBUG] from JAR C:\ProgramData\Titanium\mobilesdk\win32\1.7.0\android\titanium.jar => org/apache/Commons-NOTICE.txt
[DEBUG] from JAR C:\ProgramData\Titanium\mobilesdk\win32\1.7.0\android\titanium.jar => org/apache/HttpComponents-NOTICE.txt
[DEBUG] from JAR C:\ProgramData\Titanium\mobilesdk\win32\1.7.0\android\titanium.jar => org/apache/mime4j-NOTICE.txt
[DEBUG] from JAR C:\ProgramData\Titanium\mobilesdk\win32\1.7.0\android\titanium.jar => org/appcelerator/titanium/build.properties
[DEBUG] from JAR C:\ProgramData\Titanium\mobilesdk\win32\1.7.0\android\titanium.jar => org/appcelerator/titanium/res/drawable/background.png
[DEBUG] from JAR C:\ProgramData\Titanium\mobilesdk\win32\1.7.0\android\titanium.jar => org/appcelerator/titanium/res/drawable/btn_check_buttonless_on.png
[DEBUG] from JAR C:\ProgramData\Titanium\mobilesdk\win32\1.7.0\android\titanium.jar => org/appcelerator/titanium/res/drawable/btn_check_buttonless_on_18.png
[DEBUG] from JAR C:\ProgramData\Titanium\mobilesdk\win32\1.7.0\android\titanium.jar => org/appcelerator/titanium/res/drawable/btn_check_buttonless_on_48.png
[DEBUG] from JAR C:\ProgramData\Titanium\mobilesdk\win32\1.7.0\android\titanium.jar => org/appcelerator/titanium/res/drawable/btn_more.png
[DEBUG] from JAR C:\ProgramData\Titanium\mobilesdk\win32\1.7.0\android\titanium.jar => org/appcelerator/titanium/res/drawable/btn_more_18.png
[DEBUG] from JAR C:\ProgramData\Titanium\mobilesdk\win32\1.7.0\android\titanium.jar => org/appcelerator/titanium/res/drawable/btn_more_48.png
[DEBUG] from JAR C:\ProgramData\Titanium\mobilesdk\win32\1.7.0\android\titanium.jar => org/appcelerator/titanium/res/drawable/btn_picker_normal.9.png
[DEBUG] from JAR C:\ProgramData\Titanium\mobilesdk\win32\1.7.0\android\titanium.jar => org/appcelerator/titanium/res/drawable/btn_picker_pressed.9.png
[DEBUG] from JAR C:\ProgramData\Titanium\mobilesdk\win32\1.7.0\android\titanium.jar => org/appcelerator/titanium/res/drawable/btn_picker_selected.9.png
[DEBUG] from JAR C:\ProgramData\Titanium\mobilesdk\win32\1.7.0\android\titanium.jar => org/appcelerator/titanium/res/drawable/default_icon.png
[DEBUG] from JAR C:\ProgramData\Titanium\mobilesdk\win32\1.7.0\android\titanium.jar => org/appcelerator/titanium/res/drawable/photoDefault.png
[DEBUG] from JAR C:\ProgramData\Titanium\mobilesdk\win32\1.7.0\android\modules\titanium-ui.jar => ti/modules/titanium/ui/widget/webview/binding.js
[DEBUG] from JAR C:\ProgramData\Titanium\mobilesdk\win32\1.7.0\android\modules\titanium-ui.jar => ti/modules/titanium/ui/widget/webview/binding.min.js
[DEBUG] from JAR C:\ProgramData\Titanium\mobilesdk\win32\1.7.0\android\modules\titanium-ui.jar => ti/modules/titanium/ui/widget/webview/json2.js
[DEBUG] from JAR C:\ProgramData\Titanium\mobilesdk\win32\1.7.0\android\modules\titanium-facebook.jar => ti/modules/titanium/facebook/LICENSE
[DEBUG] from JAR C:\ProgramData\Titanium\mobilesdk\win32\1.7.0\android\smalljs.jar => org/mozilla/javascript/resources/Messages.properties
[DEBUG] from JAR C:\ProgramData\Titanium\mobilesdk\win32\1.7.0\android\smalljs.jar => org/mozilla/javascript/resources/Messages_fr.properties
[DEBUG] from JAR C:\ProgramData\Titanium\mobilesdk\win32\1.7.0\android\modules\titanium-yahoo.jar => ti/modules/titanium/yahoo/yahoo.js
[DEBUG] Waiting for device to be ready ...
[TRACE] adb devices returned 1 devices/emulators
[DEBUG] Device connected... (waited 0 seconds)
[DEBUG] waited 0.022000 seconds on emulator to get ready
[INFO] Installing application on device
[INFO] Launching application ... Tech Support
[TRACE] Launch output: Starting: Intent { act=android.intent.action.MAIN cat=[android.intent.category.LAUNCHER] cmp=com.crossloop.techsupport/.TechSupportActivity }

[INFO] Deployed Tech Support ... Application should be running.
[INFO] Android Emulator has exited
